wear/build/intermediates/manifest_merge_blame_file/debug/processDebugMainManifest/manifest-merger-blame-debug-report.txt
1<?xml version="1.0" encoding="utf-8"?>
2<!-- AndroidManifest.xml модуля :wear (часы Wear OS) -->
3<manifest xmlns:android="http://schemas.android.com/apk/res/android"
4    package="com.wearmorse.phone"
5    android:versionCode="1"
6    android:versionName="1.0" >
7
8    <uses-sdk
8-->INJECTED
9        android:minSdkVersion="26"
9-->INJECTED
10        android:targetSdkVersion="34" />
10-->INJECTED
11
12    <!-- Микрофон, вибрация, фоновая запись и пробуждение -->
13    <uses-permission android:name="android.permission.RECORD_AUDIO" />
13-->src\main\AndroidManifest.xml:6:5-71
13-->src\main\AndroidManifest.xml:6:22-68
14    <uses-permission android:name="android.permission.VIBRATE" />
14-->src\main\AndroidManifest.xml:7:5-66
14-->src\main\AndroidManifest.xml:7:22-63
15    <uses-permission android:name="android.permission.WAKE_LOCK" />
15-->src\main\AndroidManifest.xml:8:5-68
15-->src\main\AndroidManifest.xml:8:22-65
16    <uses-permission android:name="android.permission.FOREGROUND_SERVICE" />
16-->src\main\AndroidManifest.xml:9:5-77
16-->src\main\AndroidManifest.xml:9:22-74
17    <uses-permission android:name="android.permission.FOREGROUND_SERVICE_MICROPHONE" />
17-->src\main\AndroidManifest.xml:10:5-88
17-->src\main\AndroidManifest.xml:10:22-85
18    <uses-permission android:name="android.permission.POST_NOTIFICATIONS" />
18-->src\main\AndroidManifest.xml:11:5-77
18-->src\main\AndroidManifest.xml:11:22-74
19
20    <!-- Объявляем, что это приложение для часов -->
21    <uses-feature android:name="android.hardware.type.watch" />
21-->src\main\AndroidManifest.xml:14:5-64
21-->src\main\AndroidManifest.xml:14:19-61
22
23    <permission
23-->[androidx.core:core:1.12.0] AndroidManifest.xml:22:5-24:47
24        android:name="com.wearmorse.phone.DYNAMIC_RECEIVER_NOT_EXPORTED_PERMISSION"
24-->[androidx.core:core:1.12.0] AndroidManifest.xml:23:9-81
25        android:protectionLevel="signature" />
25-->[androidx.core:core:1.12.0] AndroidManifest.xml:24:9-44
26
27    <uses-permission android:name="com.wearmorse.phone.DYNAMIC_RECEIVER_NOT_EXPORTED_PERMISSION" />
27-->[androidx.core:core:1.12.0] AndroidManifest.xml:26:5-97
27-->[androidx.core:core:1.12.0] AndroidManifest.xml:26:22-94
28
29    <application
29-->src\main\AndroidManifest.xml:16:5-43:19
30        android:allowBackup="true"
30-->src\main\AndroidManifest.xml:17:9-35
31        android:appComponentFactory="androidx.core.app.CoreComponentFactory"
31-->[androidx.core:core:1.12.0] AndroidManifest.xml:28:18-86
32        android:debuggable="true"
33        android:extractNativeLibs="false"
33-->INJECTED
34        android:icon="@mipmap/ic_launcher"
34-->src\main\AndroidManifest.xml:18:9-43
35        android:label="@string/app_name"
35-->src\main\AndroidManifest.xml:19:9-41
36        android:supportsRtl="true"
36-->src\main\AndroidManifest.xml:20:9-35
37        android:testOnly="true"
38        android:theme="@style/Theme.WearMorseMessenger" >
38-->src\main\AndroidManifest.xml:21:9-56
39
40        <!-- Экран управления: статус микрофона, последнее сообщение, кнопка ВКЛ/ВЫКЛ -->
41        <activity
41-->src\main\AndroidManifest.xml:24:9-32:20
42            android:name="com.wearmorse.wear.WearMainActivity"
42-->src\main\AndroidManifest.xml:25:13-45
43            android:exported="true"
43-->src\main\AndroidManifest.xml:26:13-36
44            android:theme="@style/Theme.WearMorseMessenger" >
44-->src\main\AndroidManifest.xml:27:13-60
45            <intent-filter>
45-->src\main\AndroidManifest.xml:28:13-31:29
46                <action android:name="android.intent.action.MAIN" />
46-->src\main\AndroidManifest.xml:29:17-69
46-->src\main\AndroidManifest.xml:29:25-66
47
48                <category android:name="android.intent.category.LAUNCHER" />
48-->src\main\AndroidManifest.xml:30:17-77
48-->src\main\AndroidManifest.xml:30:27-74
49            </intent-filter>
50        </activity>
51
52        <!-- Фоновый сервис: запись микрофона, стрим на телефон, приём Морзе -->
53        <service
53-->src\main\AndroidManifest.xml:35:9-38:58
54            android:name="com.wearmorse.wear.SecretSpyService"
54-->src\main\AndroidManifest.xml:36:13-45
55            android:exported="false"
55-->src\main\AndroidManifest.xml:37:13-37
56            android:foregroundServiceType="microphone" />
56-->src\main\AndroidManifest.xml:38:13-55
57
58        <meta-data
58-->src\main\AndroidManifest.xml:40:9-42:37
59            android:name="com.google.android.wearable.standalone"
59-->src\main\AndroidManifest.xml:41:13-66
60            android:value="false" />
60-->src\main\AndroidManifest.xml:42:13-34
61
62        <uses-library
62-->[androidx.wear:wear:1.3.0] AndroidManifest.xml:23:9-25:40
63            android:name="com.google.android.wearable"
63-->[androidx.wear:wear:1.3.0] AndroidManifest.xml:24:13-55
64            android:required="false" />
64-->[androidx.wear:wear:1.3.0] AndroidManifest.xml:25:13-37
65
66        <activity
66-->[com.google.android.gms:play-services-base:18.0.1] AndroidManifest.xml:20:9-22:45
67            android:name="com.google.android.gms.common.api.GoogleApiActivity"
67-->[com.google.android.gms:play-services-base:18.0.1] AndroidManifest.xml:20:19-85
68            android:exported="false"
68-->[com.google.android.gms:play-services-base:18.0.1] AndroidManifest.xml:22:19-43
69            android:theme="@android:style/Theme.Translucent.NoTitleBar" />
69-->[com.google.android.gms:play-services-base:18.0.1] AndroidManifest.xml:21:19-78
70
71        <meta-data
71-->[com.google.android.gms:play-services-basement:18.0.0] AndroidManifest.xml:21:9-23:69
72            android:name="com.google.android.gms.version"
72-->[com.google.android.gms:play-services-basement:18.0.0] AndroidManifest.xml:22:13-58
73            android:value="@integer/google_play_services_version" />
73-->[com.google.android.gms:play-services-basement:18.0.0] AndroidManifest.xml:23:13-66
74    </application>
75
76</manifest>